Copyright 1986-2018 Xilinx, Inc. All Rights Reserved.
-----------------------------------------------------------------------------------------------------------------------------------------------------------------
| Tool Version : Vivado v.2018.2 (win64) Build 2258646 Thu Jun 14 20:03:12 MDT 2018
| Date         : Thu Jan 11 15:42:56 2024
| Host         : ThimiH running 64-bit major release  (build 9200)
| Command      : report_methodology -file adc_store_methodology_drc_routed.rpt -pb adc_store_methodology_drc_routed.pb -rpx adc_store_methodology_drc_routed.rpx
| Design       : adc_store
| Device       : xc7a100tcsg324-1
| Speed File   : -1
| Design State : Routed
-----------------------------------------------------------------------------------------------------------------------------------------------------------------

Report Methodology

Table of Contents
-----------------
1. REPORT SUMMARY
2. REPORT DETAILS

1. REPORT SUMMARY
-----------------
            Netlist: netlist
          Floorplan: design_1
      Design limits: <entire design considered>
             Max violations: <unlimited>
             Violations found: 4
+-----------+----------+--------------------------+------------+
| Rule      | Severity | Description              | Violations |
+-----------+----------+--------------------------+------------+
| TIMING-23 | Warning  | Combinational loop found | 4          |
+-----------+----------+--------------------------+------------+

2. REPORT DETAILS
-----------------
TIMING-23#1 Warning
Combinational loop found  
A timing loop has been detected on a combinational path. A timing arc has been disabled between pwm_output_OBUF_inst_i_2/S[0] and pwm_output_OBUF_inst_i_2/O[0] to disable the timing loop
Related violations: <none>

TIMING-23#2 Warning
Combinational loop found  
A timing loop has been detected on a combinational path. A timing arc has been disabled between pwm_output_OBUF_inst_i_2/S[1] and pwm_output_OBUF_inst_i_2/O[1] to disable the timing loop
Related violations: <none>

TIMING-23#3 Warning
Combinational loop found  
A timing loop has been detected on a combinational path. A timing arc has been disabled between pwm_output_OBUF_inst_i_2/S[2] and pwm_output_OBUF_inst_i_2/O[2] to disable the timing loop
Related violations: <none>

TIMING-23#4 Warning
Combinational loop found  
A timing loop has been detected on a combinational path. A timing arc has been disabled between pwm_output_OBUF_inst_i_4/S[3] and pwm_output_OBUF_inst_i_4/O[3] to disable the timing loop
Related violations: <none>


